<?xml version="1.0" encoding="UTF-8"?>
<!-- Generated by org.testng.reporters.JUnitXMLReporter -->
<testsuite hostname="DESKTOP-DRRO17G" name="TestA" tests="9" failures="0" timestamp="29 Dec 2020 07:01:14 GMT" time="0.224" errors="0">
  <testcase name="tc001" time="0.028" classname="testng_Framework.TestSuite.ModuleA"/>
  <testcase name="tc002" time="0.033" classname="testng_Framework.TestSuite.ModuleA"/>
  <testcase name="tc003" time="0.008" classname="testng_Framework.TestSuite.ModuleA"/>
  <testcase name="tc004" time="0.005" classname="testng_Framework.TestSuite.ModuleB"/>
  <testcase name="tc005" time="0.006" classname="testng_Framework.TestSuite.ModuleB"/>
  <testcase name="tc006" time="0.005" classname="testng_Framework.TestSuite.ModuleB"/>
  <testcase name="tc007" time="0.003" classname="testng_Framework.TestSuite.ModuleC"/>
  <testcase name="tc008" time="0.004" classname="testng_Framework.TestSuite.ModuleC"/>
  <testcase name="tc009" time="0.004" classname="testng_Framework.TestSuite.ModuleC"/>
</testsuite> <!-- TestA -->
