<?xml version="1.0" encoding="UTF-8"?>
<testng-results skipped="0" failed="0" total="3" passed="3">
  <reporter-output>
  </reporter-output>
  <suite name="ProjectB" duration-ms="100" started-at="2020-12-29T07:23:22Z" finished-at="2020-12-29T07:23:22Z">
    <groups>
    </groups>
    <test name="TestA" duration-ms="100" started-at="2020-12-29T07:23:22Z" finished-at="2020-12-29T07:23:22Z">
      <class name="testng_Framework.Suite_Parameter.ModuleA">
        <test-method status="PASS" signature="Launch_Application(java.lang.String)[pri:0, instance:testng_Framework.Suite_Parameter.ModuleA@735b5592]" name="Launch_Application" duration-ms="34" started-at="2020-12-29T12:53:22Z" finished-at="2020-12-29T12:53:22Z">
          <params>
            <param index="0">
              <value>
                <![CDATA[http://outlook.com]]>
              </value>
            </param>
          </params>
          <reporter-output>
          </reporter-output>
        </test-method> <!-- Launch_Application -->
        <test-method status="PASS" signature="User_login(java.lang.String, java.lang.String)[pri:0, instance:testng_Framework.Suite_Parameter.ModuleA@735b5592]" name="User_login" duration-ms="8" started-at="2020-12-29T12:53:22Z" finished-at="2020-12-29T12:53:22Z">
          <params>
            <param index="0">
              <value>
                <![CDATA[Ajay]]>
              </value>
            </param>
            <param index="1">
              <value>
                <![CDATA[Aj1@123]]>
              </value>
            </param>
          </params>
          <reporter-output>
          </reporter-output>
        </test-method> <!-- User_login -->
        <test-method status="PASS" signature="Verify_Result(java.lang.String)[pri:0, instance:testng_Framework.Suite_Parameter.ModuleA@735b5592]" name="Verify_Result" duration-ms="6" started-at="2020-12-29T12:53:22Z" finished-at="2020-12-29T12:53:22Z">
          <params>
            <param index="0">
              <value>
                <![CDATA[Inbox]]>
              </value>
            </param>
          </params>
          <reporter-output>
          </reporter-output>
        </test-method> <!-- Verify_Result -->
      </class> <!-- testng_Framework.Suite_Parameter.ModuleA -->
    </test> <!-- TestA -->
  </suite> <!-- ProjectB -->
</testng-results>
